# JRE version: OpenJDK Runtime Environment 18.9 (11.0.11+9) (build 11.0.11+9-LTS)
# Java VM: OpenJDK 64-Bit Server VM 18.9 (11.0.11+9-LTS, mixed mode, tiered, serial gc, linux-amd64)
Heap:
 def new generation   total 106944K, used 62805K [0x00007f1852c00000, 0x00007f185a000000, 0x00007f185a000000)
  eden space 95104K,  60% used [0x00007f1852c00000, 0x00007f185648b2c0, 0x00007f18588e0000)
  from space 11840K,  41% used [0x00007f1859470000, 0x00007f185993a480, 0x00007f185a000000)
  to   space 11840K,   0% used [0x00007f18588e0000, 0x00007f18588e0000, 0x00007f1859470000)
 tenured generation   total 237568K, used 30327K [0x00007f185a000000, 0x00007f1868800000, 0x00007f1868800000)
   the space 237568K,  12% used [0x00007f185a000000, 0x00007f185bd9dfc0, 0x00007f185bd9e000, 0x00007f1868800000)
 Metaspace       used 92749K, capacity 97419K, committed 97536K, reserved 98304K
GC Heap History (16 events):
Event: 5.753 GC heap before
{Heap before GC invocations=0 (full 0):
 def new generation   total 106944K, used 72981K [0x00007f1852c00000, 0x00007f185a000000, 0x00007f185a000000)
  eden space 95104K,  76% used [0x00007f1852c00000, 0x00007f1857345530, 0x00007f18588e0000)
  from space 11840K,   0% used [0x00007f18588e0000, 0x00007f18588e0000, 0x00007f1859470000)
  to   space 11840K,   0% used [0x00007f1859470000, 0x00007f1859470000, 0x00007f185a000000)
 tenured generation   total 237568K, used 0K [0x00007f185a000000, 0x00007f1868800000, 0x00007f1868800000)
   the space 237568K,   0% used [0x00007f185a000000, 0x00007f185a000000, 0x00007f185a000200, 0x00007f1868800000)
 Metaspace       used 20877K, capacity 20989K, committed 21248K, reserved 22528K
}
Event: 5.805 GC heap after
{Heap after GC invocations=1 (full 1):
 def new generation   total 106944K, used 0K [0x00007f1852c00000, 0x00007f185a000000, 0x00007f185a000000)
  eden space 95104K,   0% used [0x00007f1852c00000, 0x00007f1852c00000, 0x00007f18588e0000)
  from space 11840K,   0% used [0x00007f18588e0000, 0x00007f18588e0000, 0x00007f1859470000)
  to   space 11840K,   0% used [0x00007f1859470000, 0x00007f1859470000, 0x00007f185a000000)
 tenured generation   total 237568K, used 12811K [0x00007f185a000000, 0x00007f1868800000, 0x00007f1868800000)
   the space 237568K,   5% used [0x00007f185a000000, 0x00007f185ac82de0, 0x00007f185ac82e00, 0x00007f1868800000)
 Metaspace       used 20877K, capacity 20989K, committed 21248K, reserved 22528K
}
Event: 8.408 GC heap before
{Heap before GC invocations=1 (full 1):
 def new generation   total 106944K, used 71167K [0x00007f1852c00000, 0x00007f185a000000, 0x00007f185a000000)
  eden space 95104K,  74% used [0x00007f1852c00000, 0x00007f185717fc78, 0x00007f18588e0000)
  from space 11840K,   0% used [0x00007f18588e0000, 0x00007f18588e0000, 0x00007f1859470000)
  to   space 11840K,   0% used [0x00007f1859470000, 0x00007f1859470000, 0x00007f185a000000)
 tenured generation   total 237568K, used 12811K [0x00007f185a000000, 0x00007f1868800000, 0x00007f1868800000)
   the space 237568K,   5% used [0x00007f185a000000, 0x00007f185ac82de0, 0x00007f185ac82e00, 0x00007f1868800000)
 Metaspace       used 34498K, capacity 35182K, committed 35328K, reserved 36864K
}
Event: 8.453 GC heap after
{Heap after GC invocations=2 (full 2):
 def new generation   total 106944K, used 0K [0x00007f1852c00000, 0x00007f185a000000, 0x00007f185a000000)
  eden space 95104K,   0% used [0x00007f1852c00000, 0x00007f1852c00000, 0x00007f18588e0000)
  from space 11840K,   0% used [0x00007f18588e0000, 0x00007f18588e0000, 0x00007f1859470000)
  to   space 11840K,   0% used [0x00007f1859470000, 0x00007f1859470000, 0x00007f185a000000)
 tenured generation   total 237568K, used 17823K [0x00007f185a000000, 0x00007f1868800000, 0x00007f1868800000)
   the space 237568K,   7% used [0x00007f185a000000, 0x00007f185b167fa0, 0x00007f185b168000, 0x00007f1868800000)
 Metaspace       used 34498K, capacity 35182K, committed 35328K, reserved 36864K
}
Event: 11.876 GC heap before
{Heap before GC invocations=2 (full 2):
 def new generation   total 106944K, used 95104K [0x00007f1852c00000, 0x00007f185a000000, 0x00007f185a000000)
  eden space 95104K, 100% used [0x00007f1852c00000, 0x00007f18588e0000, 0x00007f18588e0000)
  from space 11840K,   0% used [0x00007f18588e0000, 0x00007f18588e0000, 0x00007f1859470000)
  to   space 11840K,   0% used [0x00007f1859470000, 0x00007f1859470000, 0x00007f185a000000)
 tenured generation   total 237568K, used 17823K [0x00007f185a000000, 0x00007f1868800000, 0x00007f1868800000)
   the space 237568K,   7% used [0x00007f185a000000, 0x00007f185b167fa0, 0x00007f185b168000, 0x00007f1868800000)
 Metaspace       used 55383K, capacity 57083K, committed 57088K, reserved 57344K
}
Event: 11.896 GC heap after
{Heap after GC invocations=3 (full 2):
 def new generation   total 106944K, used 5550K [0x00007f1852c00000, 0x00007f185a000000, 0x00007f185a000000)
  eden space 95104K,   0% used [0x00007f1852c00000, 0x00007f1852c00000, 0x00007f18588e0000)
  from space 11840K,  46% used [0x00007f1859470000, 0x00007f18599dbb88, 0x00007f185a000000)
  to   space 11840K,   0% used [0x00007f18588e0000, 0x00007f18588e0000, 0x00007f1859470000)
 tenured generation   total 237568K, used 17823K [0x00007f185a000000, 0x00007f1868800000, 0x00007f1868800000)
   the space 237568K,   7% used [0x00007f185a000000, 0x00007f185b167fa0, 0x00007f185b168000, 0x00007f1868800000)
 Metaspace       used 55383K, capacity 57083K, committed 57088K, reserved 57344K
}
Event: 12.270 GC heap before
{Heap before GC invocations=3 (full 2):
 def new generation   total 106944K, used 18749K [0x00007f1852c00000, 0x00007f185a000000, 0x00007f185a000000)
  eden space 95104K,  13% used [0x00007f1852c00000, 0x00007f18538e3b30, 0x00007f18588e0000)
  from space 11840K,  46% used [0x00007f1859470000, 0x00007f18599dbb88, 0x00007f185a000000)
  to   space 11840K,   0% used [0x00007f18588e0000, 0x00007f18588e0000, 0x00007f1859470000)
 tenured generation   total 237568K, used 17823K [0x00007f185a000000, 0x00007f1868800000, 0x00007f1868800000)
   the space 237568K,   7% used [0x00007f185a000000, 0x00007f185b167fa0, 0x00007f185b168000, 0x00007f1868800000)
 Metaspace       used 56949K, capacity 58844K, committed 58880K, reserved 59392K
}
Event: 12.325 GC heap after
{Heap after GC invocations=4 (full 3):
 def new generation   total 106944K, used 0K [0x00007f1852c00000, 0x00007f185a000000, 0x00007f185a000000)
  eden space 95104K,   0% used [0x00007f1852c00000, 0x00007f1852c00000, 0x00007f18588e0000)
  from space 11840K,   0% used [0x00007f1859470000, 0x00007f1859470000, 0x00007f185a000000)
  to   space 11840K,   0% used [0x00007f18588e0000, 0x00007f18588e0000, 0x00007f1859470000)
 tenured generation   total 237568K, used 23993K [0x00007f185a000000, 0x00007f1868800000, 0x00007f1868800000)
   the space 237568K,  10% used [0x00007f185a000000, 0x00007f185b76e6c0, 0x00007f185b76e800, 0x00007f1868800000)
 Metaspace       used 56949K, capacity 58844K, committed 58880K, reserved 59392K
}
Event: 16.167 GC heap before
{Heap before GC invocations=4 (full 3):
 def new generation   total 106944K, used 95104K [0x00007f1852c00000, 0x00007f185a000000, 0x00007f185a000000)
  eden space 95104K, 100% used [0x00007f1852c00000, 0x00007f18588e0000, 0x00007f18588e0000)
  from space 11840K,   0% used [0x00007f1859470000, 0x00007f1859470000, 0x00007f185a000000)
  to   space 11840K,   0% used [0x00007f18588e0000, 0x00007f18588e0000, 0x00007f1859470000)
 tenured generation   total 237568K, used 23993K [0x00007f185a000000, 0x00007f1868800000, 0x00007f1868800000)
   the space 237568K,  10% used [0x00007f185a000000, 0x00007f185b76e6c0, 0x00007f185b76e800, 0x00007f1868800000)
 Metaspace       used 76922K, capacity 79828K, committed 79872K, reserved 79872K
}
Event: 16.199 GC heap after
{Heap after GC invocations=5 (full 3):
 def new generation   total 106944K, used 6700K [0x00007f1852c00000, 0x00007f185a000000, 0x00007f185a000000)
  eden space 95104K,   0% used [0x00007f1852c00000, 0x00007f1852c00000, 0x00007f18588e0000)
  from space 11840K,  56% used [0x00007f18588e0000, 0x00007f1858f6b2e8, 0x00007f1859470000)
  to   space 11840K,   0% used [0x00007f1859470000, 0x00007f1859470000, 0x00007f185a000000)
 tenured generation   total 237568K, used 23993K [0x00007f185a000000, 0x00007f1868800000, 0x00007f1868800000)
   the space 237568K,  10% used [0x00007f185a000000, 0x00007f185b76e6c0, 0x00007f185b76e800, 0x00007f1868800000)
 Metaspace       used 76922K, capacity 79828K, committed 79872K, reserved 79872K
}
Event: 3771.331 GC heap before
{Heap before GC invocations=5 (full 3):
 def new generation   total 106944K, used 101804K [0x00007f1852c00000, 0x00007f185a000000, 0x00007f185a000000)
  eden space 95104K, 100% used [0x00007f1852c00000, 0x00007f18588e0000, 0x00007f18588e0000)
  from space 11840K,  56% used [0x00007f18588e0000, 0x00007f1858f6b2e8, 0x00007f1859470000)
  to   space 11840K,   0% used [0x00007f1859470000, 0x00007f1859470000, 0x00007f185a000000)
 tenured generation   total 237568K, used 23993K [0x00007f185a000000, 0x00007f1868800000, 0x00007f1868800000)
   the space 237568K,  10% used [0x00007f185a000000, 0x00007f185b76e6c0, 0x00007f185b76e800, 0x00007f1868800000)
 Metaspace       used 85703K, capacity 89394K, committed 89600K, reserved 90112K
}
Event: 3772.694 GC heap after
{Heap after GC invocations=6 (full 3):
 def new generation   total 106944K, used 3802K [0x00007f1852c00000, 0x00007f185a000000, 0x00007f185a000000)
  eden space 95104K,   0% used [0x00007f1852c00000, 0x00007f1852c00000, 0x00007f18588e0000)
  from space 11840K,  32% used [0x00007f1859470000, 0x00007f1859826b18, 0x00007f185a000000)
  to   space 11840K,   0% used [0x00007f18588e0000, 0x00007f18588e0000, 0x00007f1859470000)
 tenured generation   total 237568K, used 30327K [0x00007f185a000000, 0x00007f1868800000, 0x00007f1868800000)
   the space 237568K,  12% used [0x00007f185a000000, 0x00007f185bd9dfc0, 0x00007f185bd9e000, 0x00007f1868800000)
 Metaspace       used 85703K, capacity 89394K, committed 89600K, reserved 90112K
}
Event: 10014.891 GC heap before
{Heap before GC invocations=6 (full 3):
 def new generation   total 106944K, used 98906K [0x00007f1852c00000, 0x00007f185a000000, 0x00007f185a000000)
  eden space 95104K, 100% used [0x00007f1852c00000, 0x00007f18588e0000, 0x00007f18588e0000)
  from space 11840K,  32% used [0x00007f1859470000, 0x00007f1859826b18, 0x00007f185a000000)
  to   space 11840K,   0% used [0x00007f18588e0000, 0x00007f18588e0000, 0x00007f1859470000)
 tenured generation   total 237568K, used 30327K [0x00007f185a000000, 0x00007f1868800000, 0x00007f1868800000)
   the space 237568K,  12% used [0x00007f185a000000, 0x00007f185bd9dfc0, 0x00007f185bd9e000, 0x00007f1868800000)
 Metaspace       used 91886K, capacity 96588K, committed 96768K, reserved 98304K
}
Event: 10021.354 GC heap after
{Heap after GC invocations=7 (full 3):
 def new generation   total 106944K, used 5346K [0x00007f1852c00000, 0x00007f185a000000, 0x00007f185a000000)
  eden space 95104K,   0% used [0x00007f1852c00000, 0x00007f1852c00000, 0x00007f18588e0000)
  from space 11840K,  45% used [0x00007f18588e0000, 0x00007f1858e18a80, 0x00007f1859470000)
  to   space 11840K,   0% used [0x00007f1859470000, 0x00007f1859470000, 0x00007f185a000000)
 tenured generation   total 237568K, used 30327K [0x00007f185a000000, 0x00007f1868800000, 0x00007f1868800000)
   the space 237568K,  12% used [0x00007f185a000000, 0x00007f185bd9dfc0, 0x00007f185bd9e000, 0x00007f1868800000)
 Metaspace       used 91886K, capacity 96588K, committed 96768K, reserved 98304K
}
Event: 14674.359 GC heap before
{Heap before GC invocations=7 (full 3):
 def new generation   total 106944K, used 100450K [0x00007f1852c00000, 0x00007f185a000000, 0x00007f185a000000)
  eden space 95104K, 100% used [0x00007f1852c00000, 0x00007f18588e0000, 0x00007f18588e0000)
  from space 11840K,  45% used [0x00007f18588e0000, 0x00007f1858e18a80, 0x00007f1859470000)
  to   space 11840K,   0% used [0x00007f1859470000, 0x00007f1859470000, 0x00007f185a000000)
 tenured generation   total 237568K, used 30327K [0x00007f185a000000, 0x00007f1868800000, 0x00007f1868800000)
   the space 237568K,  12% used [0x00007f185a000000, 0x00007f185bd9dfc0, 0x00007f185bd9e000, 0x00007f1868800000)
 Metaspace       used 92499K, capacity 97146K, committed 97280K, reserved 98304K
}
Event: 14674.620 GC heap after
{Heap after GC invocations=8 (full 3):
 def new generation   total 106944K, used 4905K [0x00007f1852c00000, 0x00007f185a000000, 0x00007f185a000000)
  eden space 95104K,   0% used [0x00007f1852c00000, 0x00007f1852c00000, 0x00007f18588e0000)
  from space 11840K,  41% used [0x00007f1859470000, 0x00007f185993a480, 0x00007f185a000000)
  to   space 11840K,   0% used [0x00007f18588e0000, 0x00007f18588e0000, 0x00007f1859470000)
 tenured generation   total 237568K, used 30327K [0x00007f185a000000, 0x00007f1868800000, 0x00007f1868800000)
   the space 237568K,  12% used [0x00007f185a000000, 0x00007f185bd9dfc0, 0x00007f185bd9e000, 0x00007f1868800000)
 Metaspace       used 92499K, capacity 97146K, committed 97280K, reserved 98304K
}

